Arguments: 
  /home/alex/.nvm/versions/node/v18.6.0/bin/node /home/alex/code/C206/Exercicio1/.yarn/releases/yarn-1.22.19.cjs set version from sources

PATH: 
  /home/alex/.vscode-server/bin/e4503b30fc78200f846c62cf8091b76ff5547662/bin/remote-cli:/home/alex/.nvm/versions/node/v18.6.0/bin:/usr/local/sbin:/usr/local/bin:/usr/sbin:/usr/bin:/sbin:/bin:/usr/games:/usr/local/games:/usr/lib/wsl/lib:/mnt/c/Program Files (x86)/Falcon/MinGW/bin:/mnt/c/WINDOWS/system32:/mnt/c/WINDOWS:/mnt/c/WINDOWS/System32/Wbem:/mnt/c/WINDOWS/System32/WindowsPowerShell/v1.0/:/mnt/c/WINDOWS/System32/OpenSSH/:/mnt/c/Program Files/nodejs/:/mnt/c/Program Files/Git/cmd:/mnt/c/MinGW/bin:/mnt/c/Users/primo/AppData/Local/Programs/Microsoft VS Code/bin:/mnt/c/Users/primo/AppData/Roaming/npm:/snap/bin

Yarn version: 
  1.22.19

Node version: 
  18.6.0

Platform: 
  linux x64

Trace: 
  Error: Release not found: from
      at /home/alex/code/C206/Exercicio1/.yarn/releases/yarn-1.22.19.cjs:94385:17
      at Generator.next (<anonymous>)
      at step (/home/alex/code/C206/Exercicio1/.yarn/releases/yarn-1.22.19.cjs:310:30)
      at /home/alex/code/C206/Exercicio1/.yarn/releases/yarn-1.22.19.cjs:321:13
      at process.processTicksAndRejections (node:internal/process/task_queues:95:5)

npm manifest: 
  {
    "dependencies": {
      "@types/prompt-sync": "^4.1.1",
      "typescript": "^4.7.4"
    }
  }

yarn manifest: 
  No manifest

Lockfile: 
  # THIS IS AN AUTOGENERATED FILE. DO NOT EDIT THIS FILE DIRECTLY.
  # yarn lockfile v1
  
  
  "@types/prompt-sync@^4.1.1":
    version "4.1.1"
    resolved "https://registry.yarnpkg.com/@types/prompt-sync/-/prompt-sync-4.1.1.tgz#c3a2a6e974110b2ff4d703d19ed0c0a1b85bc65b"
    integrity sha512-ww0S+dKSnuiO+PstYQM7yyxEkl2Y0r5lhg/g/p4ObA6m4OWsXdtuQtB+ORj/+lQ5U5OeLNNnmYVaWVB/y2JjdA==
  
  typescript@^4.7.4:
    version "4.7.4"
    resolved "https://registry.yarnpkg.com/typescript/-/typescript-4.7.4.tgz#1a88596d1cf47d59507a1bcdfb5b9dfe4d488235"
    integrity sha512-C0WQT0gezHuw6AdY1M2jxUO83Rjf0HP7Sk1DtXj6j1EwkQNZrHAg2XPWlq62oqEhYvONq5pkC2Y9oPljWToLmQ==
